<?xml version="1.0" encoding="utf-8"?><testsuites name="pytest tests"><testsuite name="pytest" errors="0" failures="0" skipped="0" tests="56" time="0.529" timestamp="2026-08-24T16:01:03.011529+08:00" hostname="PC25-06"><testcase classname="tests.test_solo_owner_merge_authority_contract" name="test_contract_is_registered_and_routed_as_canonical_on_demand_authority" time="0.002" /><testcase classname="tests.test_solo_owner_merge_authority_contract" name="test_normative_cases_are_semantically_consistent" time="0.002" /><testcase classname="tests.test_solo_owner_merge_authority_contract" name="test_github_approval_is_optional_and_cannot_substitute_for_required_evidence" time="0.001" /><testcase classname="tests.test_solo_owner_merge_authority_contract" name="test_every_required_predicate_fails_closed_when_mutated" time="0.001" /><testcase classname="tests.test_solo_owner_merge_authority_contract" name="test_post_merge_action_is_not_reclassified_as_pre_merge_attestation" time="0.001" /><testcase classname="tests.test_solo_owner_merge_authority_contract" name="test_contract_does_not_claim_github_or_runtime_enforcement" time="0.001" /><testcase classname="tests.test_authority_document_paths" name="test_authority_repo_local_document_references_exist" time="0.001" /><testcase classname="tests.test_authority_metadata_consistency" name="test_normalize_document_reference_converts_backslashes" time="0.000" /><testcase classname="tests.test_authority_metadata_consistency" name="test_parse_authority_table_returns_repo_local_rows_and_skips_abstract_rows" time="0.014" /><testcase classname="tests.test_authority_metadata_consistency" name="test_compare_reports_field_mismatches" time="0.006" /><testcase classname="tests.test_authority_metadata_consistency" name="test_compare_reports_missing_table_row" time="0.007" /><testcase classname="tests.test_authority_metadata_consistency" name="test_compare_reports_missing_frontmatter" time="0.006" /><testcase classname="tests.test_authority_metadata_consistency" name="test_compare_ok_when_table_matches_frontmatter" time="0.008" /><testcase classname="tests.test_authority_metadata_consistency" name="test_compare_warns_for_dual_absent_governance_documents_without_failing_ok" time="0.007" /><testcase classname="tests.test_authority_metadata_consistency" name="test_compare_excludes_structural_authority_and_copilot_template_docs" time="0.006" /><testcase classname="tests.test_authority_loader.TestParseFrontmatter" name="test_valid_frontmatter" time="0.005" /><testcase classname="tests.test_authority_loader.TestParseFrontmatter" name="test_no_frontmatter" time="0.004" /><testcase classname="tests.test_authority_loader.TestParseFrontmatter" name="test_missing_closing_marker" time="0.004" /><testcase classname="tests.test_authority_loader.TestParseFrontmatter" name="test_overridden_by_tilde_is_none" time="0.005" /><testcase classname="tests.test_authority_loader.TestParseFrontmatter" name="test_boolean_false" time="0.004" /><testcase classname="tests.test_authority_loader.TestParseFrontmatter" name="test_boolean_true" time="0.004" /><testcase classname="tests.test_authority_loader.TestParseFrontmatter" name="test_nonexistent_file" time="0.002" /><testcase classname="tests.test_authority_loader.TestLoadAuthorityTable" name="test_loads_real_governance_dir" time="0.007" /><testcase classname="tests.test_authority_loader.TestLoadAuthorityTable" name="test_skips_files_without_frontmatter" time="0.006" /><testcase classname="tests.test_authority_loader.TestLoadAuthorityTable" name="test_empty_directory" time="0.003" /><testcase classname="tests.test_authority_loader.TestLoadAuthorityTable" name="test_nonexistent_directory" time="0.003" /><testcase classname="tests.test_authority_loader.TestLoadAuthorityTable" name="test_entry_has_required_keys" time="0.004" /><testcase classname="tests.test_authority_loader.TestLoadAuthorityTable" name="test_real_human_only_files_present" time="0.005" /><testcase classname="tests.test_authority_loader.TestLoadAuthorityTable" name="test_real_review_criteria_is_agent_on_demand" time="0.007" /><testcase classname="tests.test_authority_loader.TestLoadAuthorityTable" name="test_real_canonical_files_present" time="0.006" /><testcase classname="tests.test_authority_loader.TestLoadAuthorityTable" name="test_real_plan_protocol_is_on_demand_reference" time="0.005" /><testcase classname="tests.test_authority_loader.TestFilterForSession" name="test_l0_excludes_on_demand" time="0.000" /><testcase classname="tests.test_authority_loader.TestFilterForSession" name="test_l1_includes_on_demand" time="0.000" /><testcase classname="tests.test_authority_loader.TestFilterForSession" name="test_human_only_never_included_regardless_of_mode" time="0.001" /><testcase classname="tests.test_authority_loader.TestFilterForSession" name="test_never_load_excluded" time="0.001" /><testcase classname="tests.test_authority_loader.TestFilterForSession" name="test_incremental_not_in_filter_result" time="0.000" /><testcase classname="tests.test_authority_loader.TestFilterForSession" name="test_empty_table" time="0.000" /><testcase classname="tests.test_authority_loader.TestFilterForSession" name="test_real_l0_excludes_architecture" time="0.005" /><testcase classname="tests.test_authority_loader.TestFilterForSession" name="test_real_l1_includes_architecture" time="0.005" /><testcase classname="tests.test_authority_loader.TestFilterForSession" name="test_real_runtime_core_always_present_in_l0" time="0.005" /><testcase classname="tests.test_authority_loader.TestFilterForSession" name="test_real_plan_protocol_included_for_l1_not_l0" time="0.004" /><testcase classname="tests.test_authority_loader.TestGetHumanOnlyFiles" name="test_returns_human_only" time="0.000" /><testcase classname="tests.test_authority_loader.TestGetHumanOnlyFiles" name="test_empty_table" time="0.000" /><testcase classname="tests.test_authority_loader.TestGetHumanOnlyFiles" name="test_real_governance_dir" time="0.005" /><testcase classname="tests.test_authority_loader.TestResolveConflict" name="test_canonical_wins_over_reference" time="0.001" /><testcase classname="tests.test_authority_loader.TestResolveConflict" name="test_canonical_wins_over_derived" time="0.000" /><testcase classname="tests.test_authority_loader.TestResolveConflict" name="test_reference_wins_over_derived" time="0.000" /><testcase classname="tests.test_authority_loader.TestResolveConflict" name="test_all_three_priorities" time="0.000" /><testcase classname="tests.test_authority_loader.TestResolveConflict" name="test_single_entry" time="0.000" /><testcase classname="tests.test_authority_loader.TestResolveConflict" name="test_empty_returns_none" time="0.000" /><testcase classname="tests.test_authority_loader.TestValidateSessionPayload" name="test_no_violations" time="0.000" /><testcase classname="tests.test_authority_loader.TestValidateSessionPayload" name="test_detects_human_only_violation" time="0.000" /><testcase classname="tests.test_authority_loader.TestValidateSessionPayload" name="test_multiple_violations" time="0.000" /><testcase classname="tests.test_authority_loader.TestValidateSessionPayload" name="test_empty_allowed_is_ok" time="0.000" /><testcase classname="tests.test_authority_loader.TestValidateSessionPayload" name="test_real_governance_l0_is_clean" time="0.004" /><testcase classname="tests.test_authority_loader.TestValidateSessionPayload" name="test_real_governance_l1_is_clean" time="0.006" /></testsuite></testsuites>