<?xml version="1.0" encoding="utf-8"?><testsuites name="pytest tests"><testsuite name="pytest" errors="0" failures="0" skipped="0" tests="87" time="0.291" timestamp="2026-08-31T19:48:37.295698+08:00" hostname="PC25-06"><testcase classname="tests.test_memory_reconciliation" name="test_detector_contract_is_registered_canonical_on_demand_authority" time="0.001" /><testcase classname="tests.test_memory_reconciliation" name="test_normative_contract_matches_owner_authorized_done" time="0.001" /><testcase classname="tests.test_memory_reconciliation" name="test_encoding_contract_is_registered_canonical_on_demand_authority" time="0.001" /><testcase classname="tests.test_memory_reconciliation" name="test_encoding_contract_matches_owner_authorized_done" time="0.001" /><testcase classname="tests.test_memory_reconciliation" name="test_identity_contract_is_registered_canonical_on_demand_authority" time="0.001" /><testcase classname="tests.test_memory_reconciliation" name="test_identity_contract_matches_owner_authorized_done" time="0.001" /><testcase classname="tests.test_memory_reconciliation" name="test_missing_surface_contract_is_registered_canonical_authority" time="0.001" /><testcase classname="tests.test_memory_reconciliation" name="test_missing_surface_contract_matches_owner_authorized_done" time="0.001" /><testcase classname="tests.test_memory_reconciliation" name="test_canonical_logical_file_present_produces_zero_findings" time="0.003" /><testcase classname="tests.test_memory_reconciliation" name="test_secondary_alias_present_without_canonical_produces_zero_findings" time="0.002" /><testcase classname="tests.test_memory_reconciliation" name="test_all_configured_aliases_missing_produces_exactly_one_finding" time="0.002" /><testcase classname="tests.test_memory_reconciliation" name="test_missing_surface_report_is_byte_stable_for_unchanged_tree" time="0.002" /><testcase classname="tests.test_memory_reconciliation" name="test_missing_surface_detector_rejects_unknown_logical_name" time="0.001" /><testcase classname="tests.test_memory_reconciliation" name="test_missing_surface_detector_rejects_missing_or_non_directory_root" time="0.002" /><testcase classname="tests.test_memory_reconciliation" name="test_missing_surface_detector_rejects_invalid_argument_types[memory-active_task]" time="0.001" /><testcase classname="tests.test_memory_reconciliation" name="test_missing_surface_detector_rejects_invalid_argument_types[None-active_task]" time="0.000" /><testcase classname="tests.test_memory_reconciliation" name="test_missing_surface_detector_rejects_invalid_argument_types[memory_root2-None]" time="0.000" /><testcase classname="tests.test_memory_reconciliation" name="test_missing_surface_detector_rejects_invalid_argument_types[memory_root3-1]" time="0.001" /><testcase classname="tests.test_memory_reconciliation" name="test_missing_surface_detector_rejects_invalid_argument_types[memory_root4-]" time="0.001" /><testcase classname="tests.test_memory_reconciliation" name="test_missing_surface_detector_converts_resolver_exception_to_value_error" time="0.002" /><testcase classname="tests.test_memory_reconciliation" name="test_missing_surface_detector_snapshots_resolution_and_existence_once" time="0.001" /><testcase classname="tests.test_memory_reconciliation" name="test_same_exact_knowledge_identity_produces_one_report_only_finding" time="0.000" /><testcase classname="tests.test_memory_reconciliation" name="test_different_or_case_changed_identity_produces_zero_findings[T-013]" time="0.000" /><testcase classname="tests.test_memory_reconciliation" name="test_different_or_case_changed_identity_produces_zero_findings[t-012]" time="0.000" /><testcase classname="tests.test_memory_reconciliation" name="test_identity_report_is_order_independent_and_byte_stable" time="0.000" /><testcase classname="tests.test_memory_reconciliation" name="test_identity_detector_rejects_invalid_collection_count_or_elements[None-KnowledgeIdentityObservation]" time="0.001" /><testcase classname="tests.test_memory_reconciliation" name="test_identity_detector_rejects_invalid_collection_count_or_elements[observations1-exactly two observations]" time="0.001" /><testcase classname="tests.test_memory_reconciliation" name="test_identity_detector_rejects_invalid_collection_count_or_elements[observations2-exactly two observations]" time="0.000" /><testcase classname="tests.test_memory_reconciliation" name="test_identity_detector_rejects_invalid_collection_count_or_elements[observations3-KnowledgeIdentityObservation]" time="0.001" /><testcase classname="tests.test_memory_reconciliation" name="test_identity_detector_rejects_invalid_collection_count_or_elements[observations4-KnowledgeIdentityObservation]" time="0.001" /><testcase classname="tests.test_memory_reconciliation" name="test_identity_detector_rejects_same_record_identity" time="0.001" /><testcase classname="tests.test_memory_reconciliation" name="test_identity_detector_revalidates_forged_observation_invariants[-03_knowledge_base-T-012-record_id]" time="0.001" /><testcase classname="tests.test_memory_reconciliation" name="test_identity_detector_revalidates_forged_observation_invariants[record-a--T-012-surface]" time="0.001" /><testcase classname="tests.test_memory_reconciliation" name="test_identity_detector_revalidates_forged_observation_invariants[record-a-03_knowledge_base--knowledge_id]" time="0.001" /><testcase classname="tests.test_memory_reconciliation" name="test_identity_detector_revalidates_forged_observation_invariants[record-a-03_knowledge_base- T-012-surrounding whitespace]" time="0.001" /><testcase classname="tests.test_memory_reconciliation" name="test_identity_detector_revalidates_forged_observation_invariants[record-a-03_knowledge_base-12-knowledge_id]" time="0.001" /><testcase classname="tests.test_memory_reconciliation" name="test_identity_observation_constructor_fails_closed[kwargs0-record_id]" time="0.001" /><testcase classname="tests.test_memory_reconciliation" name="test_identity_observation_constructor_fails_closed[kwargs1-surface]" time="0.001" /><testcase classname="tests.test_memory_reconciliation" name="test_identity_observation_constructor_fails_closed[kwargs2-knowledge_id]" time="0.000" /><testcase classname="tests.test_memory_reconciliation" name="test_identity_observation_constructor_fails_closed[kwargs3-surrounding whitespace]" time="0.001" /><testcase classname="tests.test_memory_reconciliation" name="test_identity_detector_snapshots_each_observation_field_once" time="0.000" /><testcase classname="tests.test_memory_reconciliation" name="test_identity_detector_rejects_len_iteration_count_disagreement" time="0.000" /><testcase classname="tests.test_memory_reconciliation" name="test_identity_detector_rejects_invalid_materialized_element" time="0.000" /><testcase classname="tests.test_memory_reconciliation" name="test_identity_detector_uses_only_the_first_sequence_traversal" time="0.000" /><testcase classname="tests.test_memory_reconciliation" name="test_identity_detector_converts_materialization_errors_to_value_error[observations0]" time="0.001" /><testcase classname="tests.test_memory_reconciliation" name="test_identity_detector_converts_materialization_errors_to_value_error[observations1]" time="0.000" /><testcase classname="tests.test_memory_reconciliation" name="test_identity_detector_converts_materialization_errors_to_value_error[observations2]" time="0.000" /><testcase classname="tests.test_memory_reconciliation" name="test_identity_detector_rejects_forged_missing_fields[record_id]" time="0.001" /><testcase classname="tests.test_memory_reconciliation" name="test_identity_detector_rejects_forged_missing_fields[surface]" time="0.000" /><testcase classname="tests.test_memory_reconciliation" name="test_identity_detector_rejects_forged_missing_fields[knowledge_id]" time="0.000" /><testcase classname="tests.test_memory_reconciliation" name="test_identity_detector_converts_dynamic_field_error_to_value_error" time="0.000" /><testcase classname="tests.test_memory_reconciliation" name="test_identity_detector_rejects_hostile_string_subclass" time="0.000" /><testcase classname="tests.test_memory_reconciliation" name="test_invalid_utf8_produces_exactly_one_report_only_finding" time="0.000" /><testcase classname="tests.test_memory_reconciliation" name="test_literal_replacement_characters_produce_exactly_one_finding[1]" time="0.001" /><testcase classname="tests.test_memory_reconciliation" name="test_literal_replacement_characters_produce_exactly_one_finding[3]" time="0.000" /><testcase classname="tests.test_memory_reconciliation" name="test_clean_valid_utf8_produces_zero_encoding_findings" time="0.000" /><testcase classname="tests.test_memory_reconciliation" name="test_encoding_report_is_byte_stable_for_identical_input" time="0.001" /><testcase classname="tests.test_memory_reconciliation" name="test_encoding_detector_rejects_non_record_input[None]" time="0.001" /><testcase classname="tests.test_memory_reconciliation" name="test_encoding_detector_rejects_non_record_input[bytes]" time="0.000" /><testcase classname="tests.test_memory_reconciliation" name="test_encoding_detector_rejects_non_record_input[record2]" time="0.001" /><testcase classname="tests.test_memory_reconciliation" name="test_encoding_detector_empty_content_fails_closed" time="0.000" /><testcase classname="tests.test_memory_reconciliation" name="test_encoding_detector_revalidates_forged_record_invariants[-03_knowledge_base-content-record_id]" time="0.001" /><testcase classname="tests.test_memory_reconciliation" name="test_encoding_detector_revalidates_forged_record_invariants[forged-record--content-surface]" time="0.001" /><testcase classname="tests.test_memory_reconciliation" name="test_encoding_detector_revalidates_forged_record_invariants[forged-record-03_knowledge_base--content]" time="0.001" /><testcase classname="tests.test_memory_reconciliation" name="test_encoding_detector_revalidates_forged_record_invariants[forged-record-03_knowledge_base-not-bytes-content]" time="0.001" /><testcase classname="tests.test_memory_reconciliation" name="test_admitted_exact_byte_pair_produces_exactly_one_report_only_finding" time="0.001" /><testcase classname="tests.test_memory_reconciliation" name="test_one_byte_mutation_produces_zero_findings" time="0.001" /><testcase classname="tests.test_memory_reconciliation" name="test_identical_input_produces_byte_stable_json" time="0.001" /><testcase classname="tests.test_memory_reconciliation" name="test_input_order_does_not_change_json" time="0.001" /><testcase classname="tests.test_memory_reconciliation" name="test_detector_rejects_wrong_record_count[records0-exactly two records]" time="0.001" /><testcase classname="tests.test_memory_reconciliation" name="test_detector_rejects_wrong_record_count[records1-exactly two records]" time="0.001" /><testcase classname="tests.test_memory_reconciliation" name="test_detector_rejects_wrong_record_count[records2-exactly two records]" time="0.000" /><testcase classname="tests.test_memory_reconciliation" name="test_detector_rejects_invalid_collection_or_element_types[None]" time="0.000" /><testcase classname="tests.test_memory_reconciliation" name="test_detector_rejects_invalid_collection_or_element_types[records1]" time="0.000" /><testcase classname="tests.test_memory_reconciliation" name="test_detector_rejects_invalid_collection_or_element_types[records2]" time="0.001" /><testcase classname="tests.test_memory_reconciliation" name="test_detector_rejects_same_record_identity" time="0.001" /><testcase classname="tests.test_memory_reconciliation" name="test_record_input_fails_closed[kwargs0-record_id]" time="0.001" /><testcase classname="tests.test_memory_reconciliation" name="test_record_input_fails_closed[kwargs1-surface]" time="0.001" /><testcase classname="tests.test_memory_reconciliation" name="test_record_input_fails_closed[kwargs2-content]" time="0.001" /><testcase classname="tests.test_authority_metadata_consistency" name="test_normalize_document_reference_converts_backslashes" time="0.000" /><testcase classname="tests.test_authority_metadata_consistency" name="test_parse_authority_table_returns_repo_local_rows_and_skips_abstract_rows" time="0.004" /><testcase classname="tests.test_authority_metadata_consistency" name="test_compare_reports_field_mismatches" time="0.004" /><testcase classname="tests.test_authority_metadata_consistency" name="test_compare_reports_missing_table_row" time="0.004" /><testcase classname="tests.test_authority_metadata_consistency" name="test_compare_reports_missing_frontmatter" time="0.017" /><testcase classname="tests.test_authority_metadata_consistency" name="test_compare_ok_when_table_matches_frontmatter" time="0.005" /><testcase classname="tests.test_authority_metadata_consistency" name="test_compare_warns_for_dual_absent_governance_documents_without_failing_ok" time="0.005" /><testcase classname="tests.test_authority_metadata_consistency" name="test_compare_excludes_structural_authority_and_copilot_template_docs" time="0.004" /></testsuite></testsuites>