<?xml version="1.0" encoding="utf-8"?><testsuites name="pytest tests"><testsuite name="pytest" errors="0" failures="0" skipped="0" tests="85" time="0.959" timestamp="2026-08-24T14:35:25.119922+08:00" hostname="PC25-06"><testcase classname="tests.test_memory_reconciliation" name="test_detector_contract_is_registered_canonical_on_demand_authority" time="0.002" /><testcase classname="tests.test_memory_reconciliation" name="test_normative_contract_matches_owner_authorized_done" time="0.001" /><testcase classname="tests.test_memory_reconciliation" name="test_admitted_exact_byte_pair_produces_exactly_one_report_only_finding" time="0.001" /><testcase classname="tests.test_memory_reconciliation" name="test_one_byte_mutation_produces_zero_findings" time="0.001" /><testcase classname="tests.test_memory_reconciliation" name="test_identical_input_produces_byte_stable_json" time="0.001" /><testcase classname="tests.test_memory_reconciliation" name="test_input_order_does_not_change_json" time="0.001" /><testcase classname="tests.test_memory_reconciliation" name="test_detector_rejects_wrong_record_count[records0-exactly two records]" time="0.001" /><testcase classname="tests.test_memory_reconciliation" name="test_detector_rejects_wrong_record_count[records1-exactly two records]" time="0.001" /><testcase classname="tests.test_memory_reconciliation" name="test_detector_rejects_wrong_record_count[records2-exactly two records]" time="0.001" /><testcase classname="tests.test_memory_reconciliation" name="test_detector_rejects_invalid_collection_or_element_types[None]" time="0.001" /><testcase classname="tests.test_memory_reconciliation" name="test_detector_rejects_invalid_collection_or_element_types[records1]" time="0.001" /><testcase classname="tests.test_memory_reconciliation" name="test_detector_rejects_invalid_collection_or_element_types[records2]" time="0.001" /><testcase classname="tests.test_memory_reconciliation" name="test_detector_rejects_same_record_identity" time="0.002" /><testcase classname="tests.test_memory_reconciliation" name="test_record_input_fails_closed[kwargs0-record_id]" time="0.001" /><testcase classname="tests.test_memory_reconciliation" name="test_record_input_fails_closed[kwargs1-surface]" time="0.001" /><testcase classname="tests.test_memory_reconciliation" name="test_record_input_fails_closed[kwargs2-content]" time="0.001" /><testcase classname="tests.test_memory_reconciliation_fixture_admissibility" name="test_contract_is_registered_canonical_on_demand_authority" time="0.001" /><testcase classname="tests.test_memory_reconciliation_fixture_admissibility" name="test_owner_set_scope_and_non_goals_are_explicit" time="0.001" /><testcase classname="tests.test_memory_reconciliation_fixture_admissibility" name="test_normative_requirements_match_owner_authorized_done" time="0.001" /><testcase classname="tests.test_memory_reconciliation_fixture_admissibility" name="test_redacted_exact_duplicate_fixture_is_admissible" time="0.003" /><testcase classname="tests.test_memory_reconciliation_fixture_admissibility" name="test_fixture_census_locks_one_manifest_and_one_pair" time="0.003" /><testcase classname="tests.test_memory_reconciliation_fixture_admissibility" name="test_fixture_bytes_are_not_subject_to_checkout_eol_conversion" time="0.001" /><testcase classname="tests.test_memory_reconciliation_fixture_admissibility" name="test_byte_mismatch_is_rejected" time="0.003" /><testcase classname="tests.test_memory_reconciliation_fixture_admissibility" name="test_fixture_path_outside_root_is_rejected" time="0.002" /><testcase classname="tests.test_memory_reconciliation_fixture_admissibility" name="test_identical_fixture_paths_are_rejected" time="0.004" /><testcase classname="tests.test_memory_reconciliation_fixture_admissibility" name="test_missing_fixture_file_is_rejected" time="0.004" /><testcase classname="tests.test_memory_reconciliation_fixture_admissibility" name="test_missing_provenance_is_rejected" time="0.004" /><testcase classname="tests.test_memory_reconciliation_fixture_admissibility" name="test_missing_digest_is_rejected" time="0.004" /><testcase classname="tests.test_memory_reconciliation_fixture_admissibility" name="test_incomplete_redaction_is_rejected" time="0.016" /><testcase classname="tests.test_memory_surface_authority_contract" name="test_surface_contract_activation_is_atomic_and_non_circular" time="0.008" /><testcase classname="tests.test_memory_surface_authority_contract" name="test_contract_cases_use_declared_vocabulary_and_valid_failure_semantics" time="0.003" /><testcase classname="tests.test_memory_surface_authority_contract" name="test_required_resolution_and_negative_cases_are_frozen" time="0.002" /><testcase classname="tests.test_memory_surface_authority_contract" name="test_contract_validator_rejects_unknown_or_false_authority_cases" time="0.003" /><testcase classname="tests.test_memory_surface_authority_contract" name="test_canonical_contracts_keep_record_and_authority_claims_separate" time="0.002" /><testcase classname="tests.test_memory_surface_authority_contract" name="test_m1_contract_does_not_admit_runtime_m0_or_unmerged_pr88_behavior" time="0.002" /><testcase classname="tests.test_authority_document_paths" name="test_authority_repo_local_document_references_exist" time="0.003" /><testcase classname="tests.test_authority_metadata_consistency" name="test_normalize_document_reference_converts_backslashes" time="0.001" /><testcase classname="tests.test_authority_metadata_consistency" name="test_parse_authority_table_returns_repo_local_rows_and_skips_abstract_rows" time="0.007" /><testcase classname="tests.test_authority_metadata_consistency" name="test_compare_reports_field_mismatches" time="0.009" /><testcase classname="tests.test_authority_metadata_consistency" name="test_compare_reports_missing_table_row" time="0.011" /><testcase classname="tests.test_authority_metadata_consistency" name="test_compare_reports_missing_frontmatter" time="0.010" /><testcase classname="tests.test_authority_metadata_consistency" name="test_compare_ok_when_table_matches_frontmatter" time="0.007" /><testcase classname="tests.test_authority_metadata_consistency" name="test_compare_warns_for_dual_absent_governance_documents_without_failing_ok" time="0.008" /><testcase classname="tests.test_authority_metadata_consistency" name="test_compare_excludes_structural_authority_and_copilot_template_docs" time="0.007" /><testcase classname="tests.test_authority_loader.TestParseFrontmatter" name="test_valid_frontmatter" time="0.004" /><testcase classname="tests.test_authority_loader.TestParseFrontmatter" name="test_no_frontmatter" time="0.005" /><testcase classname="tests.test_authority_loader.TestParseFrontmatter" name="test_missing_closing_marker" time="0.004" /><testcase classname="tests.test_authority_loader.TestParseFrontmatter" name="test_overridden_by_tilde_is_none" time="0.004" /><testcase classname="tests.test_authority_loader.TestParseFrontmatter" name="test_boolean_false" time="0.004" /><testcase classname="tests.test_authority_loader.TestParseFrontmatter" name="test_boolean_true" time="0.006" /><testcase classname="tests.test_authority_loader.TestParseFrontmatter" name="test_nonexistent_file" time="0.002" /><testcase classname="tests.test_authority_loader.TestLoadAuthorityTable" name="test_loads_real_governance_dir" time="0.005" /><testcase classname="tests.test_authority_loader.TestLoadAuthorityTable" name="test_skips_files_without_frontmatter" time="0.008" /><testcase classname="tests.test_authority_loader.TestLoadAuthorityTable" name="test_empty_directory" time="0.002" /><testcase classname="tests.test_authority_loader.TestLoadAuthorityTable" name="test_nonexistent_directory" time="0.002" /><testcase classname="tests.test_authority_loader.TestLoadAuthorityTable" name="test_entry_has_required_keys" time="0.005" /><testcase classname="tests.test_authority_loader.TestLoadAuthorityTable" name="test_real_human_only_files_present" time="0.007" /><testcase classname="tests.test_authority_loader.TestLoadAuthorityTable" name="test_real_review_criteria_is_agent_on_demand" time="0.006" /><testcase classname="tests.test_authority_loader.TestLoadAuthorityTable" name="test_real_canonical_files_present" time="0.006" /><testcase classname="tests.test_authority_loader.TestLoadAuthorityTable" name="test_real_plan_protocol_is_on_demand_reference" time="0.005" /><testcase classname="tests.test_authority_loader.TestFilterForSession" name="test_l0_excludes_on_demand" time="0.000" /><testcase classname="tests.test_authority_loader.TestFilterForSession" name="test_l1_includes_on_demand" time="0.000" /><testcase classname="tests.test_authority_loader.TestFilterForSession" name="test_human_only_never_included_regardless_of_mode" time="0.000" /><testcase classname="tests.test_authority_loader.TestFilterForSession" name="test_never_load_excluded" time="0.000" /><testcase classname="tests.test_authority_loader.TestFilterForSession" name="test_incremental_not_in_filter_result" time="0.001" /><testcase classname="tests.test_authority_loader.TestFilterForSession" name="test_empty_table" time="0.001" /><testcase classname="tests.test_authority_loader.TestFilterForSession" name="test_real_l0_excludes_architecture" time="0.006" /><testcase classname="tests.test_authority_loader.TestFilterForSession" name="test_real_l1_includes_architecture" time="0.005" /><testcase classname="tests.test_authority_loader.TestFilterForSession" name="test_real_runtime_core_always_present_in_l0" time="0.007" /><testcase classname="tests.test_authority_loader.TestFilterForSession" name="test_real_plan_protocol_included_for_l1_not_l0" time="0.005" /><testcase classname="tests.test_authority_loader.TestGetHumanOnlyFiles" name="test_returns_human_only" time="0.000" /><testcase classname="tests.test_authority_loader.TestGetHumanOnlyFiles" name="test_empty_table" time="0.001" /><testcase classname="tests.test_authority_loader.TestGetHumanOnlyFiles" name="test_real_governance_dir" time="0.007" /><testcase classname="tests.test_authority_loader.TestResolveConflict" name="test_canonical_wins_over_reference" time="0.001" /><testcase classname="tests.test_authority_loader.TestResolveConflict" name="test_canonical_wins_over_derived" time="0.000" /><testcase classname="tests.test_authority_loader.TestResolveConflict" name="test_reference_wins_over_derived" time="0.000" /><testcase classname="tests.test_authority_loader.TestResolveConflict" name="test_all_three_priorities" time="0.000" /><testcase classname="tests.test_authority_loader.TestResolveConflict" name="test_single_entry" time="0.000" /><testcase classname="tests.test_authority_loader.TestResolveConflict" name="test_empty_returns_none" time="0.000" /><testcase classname="tests.test_authority_loader.TestValidateSessionPayload" name="test_no_violations" time="0.000" /><testcase classname="tests.test_authority_loader.TestValidateSessionPayload" name="test_detects_human_only_violation" time="0.000" /><testcase classname="tests.test_authority_loader.TestValidateSessionPayload" name="test_multiple_violations" time="0.000" /><testcase classname="tests.test_authority_loader.TestValidateSessionPayload" name="test_empty_allowed_is_ok" time="0.000" /><testcase classname="tests.test_authority_loader.TestValidateSessionPayload" name="test_real_governance_l0_is_clean" time="0.005" /><testcase classname="tests.test_authority_loader.TestValidateSessionPayload" name="test_real_governance_l1_is_clean" time="0.007" /></testsuite></testsuites>